<?xml version="1.0" encoding="UTF-8"?>
<!-- Generated by org.testng.reporters.JUnitXMLReporter -->
<testsuite hostname="A21-PC" name="Default test" tests="3" failures="0" timestamp="13 Jan 2017 07:29:30 GMT" time="29.662" errors="0">
  <testcase name="testopen" time="9.841" classname="com.yoya.test.LoginPageTest"/>
  <testcase name="testsingin" time="3.131" classname="com.yoya.test.LoginPageTest"/>
  <testcase name="testusrlongin" time="13.816" classname="com.yoya.test.LoginPageTest"/>
</testsuite> <!-- Default test -->
